2024-06-18 20:20:42,353 - INFO - Login request received
2024-06-18 20:20:42,365 - WARNING - Invalid data received: {'email': [ErrorDetail(string='Enter a valid email address.', code='invalid')]}
2024-06-18 20:20:42,368 - WARNING - Bad Request: /login/
2024-06-18 20:21:12,346 - INFO - Login request received
2024-06-18 20:21:12,366 - INFO - Attempting to authenticate user: watermymelons12345@gmail.com
2024-06-18 20:21:12,798 - INFO - User authenticated successfully
2024-06-18 20:21:32,397 - INFO - Login request received
2024-06-18 20:21:32,417 - INFO - Attempting to authenticate user: watermymelons12345@gmail.com
2024-06-18 20:21:33,007 - INFO - User authenticated successfully
2024-06-18 20:22:01,456 - INFO - Login request received
2024-06-18 20:22:01,479 - INFO - Attempting to authenticate user: newUser@gmail.com
2024-06-18 20:22:02,158 - INFO - User authenticated successfully
2024-06-18 23:00:37,366 - INFO - C:\Users\conno\OneDrive\Desktop\personal files\coding-folders\personal-projects\PathFinder\backend\users\views.py changed, reloading.
2024-06-18 23:40:39,944 - INFO - Login request received
2024-06-18 23:40:39,953 - INFO - Attempting to authenticate user: newUser@gmail.com
2024-06-18 23:40:40,637 - INFO - User authenticated successfully
2024-06-19 12:15:13,270 - WARNING - Unauthorized: /saved/
2024-06-19 12:15:24,500 - INFO - Login request received
2024-06-19 12:15:24,504 - INFO - Attempting to authenticate user: newUser@gmail.com
2024-06-19 12:15:25,072 - INFO - User authenticated successfully
2024-06-19 13:02:33,266 - WARNING - Bad Request: /saved/
2024-06-19 13:03:07,621 - WARNING - Bad Request: /saved/
2024-06-19 13:03:55,057 - WARNING - Bad Request: /saved/
2024-06-19 13:37:25,627 - WARNING - Bad Request: /saved/
2024-06-19 13:37:28,250 - WARNING - Bad Request: /saved/
2024-06-19 13:40:08,980 - WARNING - Bad Request: /saved/
2024-06-19 13:41:21,197 - WARNING - Bad Request: /saved/
2024-06-19 13:41:34,441 - WARNING - Bad Request: /saved/
2024-06-19 13:41:49,317 - WARNING - Bad Request: /saved/
2024-06-19 17:29:19,181 - INFO - Login request received
2024-06-19 17:29:19,197 - INFO - Attempting to authenticate user: watermymelons12345@gmail.com
2024-06-19 17:29:20,332 - INFO - User authenticated successfully
2024-06-19 17:29:27,838 - INFO - Login request received
2024-06-19 17:29:27,846 - INFO - Attempting to authenticate user: watermymelons12345@gmail.com
2024-06-19 17:29:28,620 - INFO - User authenticated successfully
2024-06-20 21:08:25,373 - WARNING - Unauthorized: /saved/
2024-06-20 21:08:35,079 - INFO - Login request received
2024-06-20 21:08:35,079 - INFO - Attempting to authenticate user: newUser@gmail.com
2024-06-20 21:08:35,921 - INFO - User authenticated successfully
2024-06-20 21:08:36,884 - INFO - Login request received
2024-06-20 21:08:36,884 - INFO - Attempting to authenticate user: newUser@gmail.com
2024-06-20 21:08:37,737 - INFO - User authenticated successfully
2024-06-22 23:18:28,710 - WARNING - Unauthorized: /saved/
2024-06-22 23:18:39,088 - INFO - Login request received
2024-06-22 23:18:39,094 - INFO - Attempting to authenticate user: newUser@gmail.com
2024-06-22 23:18:40,752 - INFO - User authenticated successfully
2024-06-22 23:18:40,807 - INFO - Login request received
2024-06-22 23:18:40,807 - INFO - Attempting to authenticate user: newUser@gmail.com
2024-06-22 23:18:43,013 - INFO - User authenticated successfully
2024-06-22 23:20:57,763 - INFO - Login request received
2024-06-22 23:20:57,766 - INFO - Attempting to authenticate user: newUser@gmail.com
2024-06-22 23:20:58,823 - INFO - User authenticated successfully
2024-06-22 23:25:30,812 - INFO - C:\Users\conno\OneDrive\Desktop\personal files\coding-folders\personal-projects\PathFinder\backend\users\views.py changed, reloading.
2024-06-22 23:25:38,382 - INFO - Login request received
2024-06-22 23:25:38,386 - INFO - Attempting to authenticate user: newUser@gmail.com
2024-06-22 23:25:39,169 - INFO - User authenticated successfully
2024-06-22 23:25:52,558 - INFO - Login request received
2024-06-22 23:25:52,558 - INFO - Attempting to authenticate user: newUser@gmail.com
2024-06-22 23:25:53,714 - WARNING - Invalid credentials provided
2024-06-22 23:25:53,724 - WARNING - Bad Request: /login/
2024-06-22 23:26:10,767 - INFO - Login request received
2024-06-22 23:26:10,767 - INFO - Attempting to authenticate user: newUser@gmail.com
2024-06-22 23:26:11,893 - INFO - User authenticated successfully
2024-06-22 23:28:16,234 - INFO - C:\Users\conno\OneDrive\Desktop\personal files\coding-folders\personal-projects\PathFinder\backend\users\views.py changed, reloading.
2024-06-22 23:28:41,431 - INFO - Login request received
2024-06-22 23:28:41,438 - INFO - Attempting to authenticate user: newUser@gmail.com
2024-06-22 23:28:42,221 - INFO - Authentication result: newUser@gmail.com
2024-06-22 23:28:42,221 - INFO - User authenticated successfully
2024-06-22 23:28:42,402 - INFO - Token created successfully
2024-06-22 23:28:42,402 - INFO - Response data prepared: {'user': {'email': 'newUser@gmail.com'}, 'token': 'c0d20077cf62ae846bba22bcfc97b8223136cba0f90a962b2b41e21aa3260931'}
2024-06-22 23:29:39,068 - INFO - C:\Users\conno\OneDrive\Desktop\personal files\coding-folders\personal-projects\PathFinder\backend\users\views.py changed, reloading.
2024-06-22 23:29:44,590 - INFO - Login request received
2024-06-22 23:29:44,594 - INFO - Attempting to authenticate user: newUser@gmail.com
2024-06-22 23:29:45,338 - INFO - Authentication result: newUser@gmail.com
2024-06-22 23:29:45,338 - INFO - User authenticated successfully
2024-06-22 23:29:45,447 - INFO - Token created successfully
2024-06-22 23:29:45,447 - INFO - Response data prepared: {'user': {'email': 'newUser@gmail.com'}, 'token': 'df241d305559744b5b6f384f6f65764323c6b6194d95ae5fc10f8432608d8427'}
2024-06-22 23:30:51,382 - INFO - C:\Users\conno\OneDrive\Desktop\personal files\coding-folders\personal-projects\PathFinder\backend\users\views.py changed, reloading.
2024-06-22 23:31:08,996 - INFO - Login request received
2024-06-22 23:31:09,005 - INFO - Attempting to authenticate user: newUser@gmail.com
2024-06-22 23:31:10,261 - INFO - Authentication result: None
2024-06-22 23:31:10,261 - WARNING - Invalid credentials provided
2024-06-22 23:31:10,268 - WARNING - Bad Request: /login/
2024-06-22 23:31:20,385 - INFO - Login request received
2024-06-22 23:31:20,387 - INFO - Attempting to authenticate user: newUser@gmail.com
2024-06-22 23:31:22,300 - INFO - Authentication result: newUser@gmail.com
2024-06-22 23:31:22,300 - INFO - User authenticated successfully
2024-06-22 23:31:22,375 - INFO - Token created successfully
2024-06-22 23:31:22,400 - INFO - Response data prepared: {'user': {'email': 'newUser@gmail.com'}, 'token': 'e02a79bb7e99756fe24b36ee5da096ee1b55fe4c4e8b0b7a362950606663ac6b'}
2024-06-22 23:31:41,740 - INFO - Login request received
2024-06-22 23:31:41,740 - INFO - Attempting to authenticate user: newUser@gmail.com
2024-06-22 23:31:42,437 - INFO - Authentication result: newUser@gmail.com
2024-06-22 23:31:42,439 - INFO - User authenticated successfully
2024-06-22 23:31:42,450 - INFO - Token created successfully
2024-06-22 23:31:42,450 - INFO - Response data prepared: {'user': {'email': 'newUser@gmail.com'}, 'token': 'bc8d0e7f35b5748438cacdf6db907fe7637c32ea284a0fe3f54497b0c76b85d0'}
2024-06-22 23:35:40,141 - INFO - C:\Users\conno\OneDrive\Desktop\personal files\coding-folders\personal-projects\PathFinder\backend\users\views.py changed, reloading.
2024-06-26 13:01:18,039 - WARNING - Unauthorized: /saved/
2024-06-26 13:01:30,490 - INFO - Login request received
2024-06-26 13:01:30,495 - INFO - Attempting to authenticate user: newUser@gmail.com
2024-06-26 13:01:30,887 - WARNING - Invalid credentials provided
2024-06-26 13:01:30,889 - WARNING - Bad Request: /login/
2024-06-26 13:03:02,272 - WARNING - Bad Request: /register/
2024-06-26 13:04:25,860 - INFO - Login request received
2024-06-26 13:04:25,861 - INFO - Attempting to authenticate user: admin@admin.com
2024-06-26 13:04:26,734 - INFO - User authenticated successfully
2024-06-26 13:04:28,410 - INFO - Login request received
2024-06-26 13:04:28,410 - INFO - Attempting to authenticate user: admin@admin.com
2024-06-26 13:04:29,338 - INFO - User authenticated successfully
2024-06-26 13:08:40,521 - INFO - C:\Users\conno\OneDrive\Desktop\personal files\coding-folders\personal-projects\PathFinder\backend\pathfinderbackend\settings.py changed, reloading.
2024-06-26 13:22:06,114 - WARNING - Unauthorized: /saved/
2024-06-26 13:22:15,999 - INFO - Login request received
2024-06-26 13:22:16,002 - INFO - Attempting to authenticate user: admin@admin.com
2024-06-26 13:22:16,008 - WARNING - Invalid credentials provided
2024-06-26 13:22:16,009 - WARNING - Bad Request: /login/
2024-06-26 13:22:16,794 - INFO - Login request received
2024-06-26 13:22:16,796 - INFO - Attempting to authenticate user: admin@admin.com
2024-06-26 13:22:16,799 - WARNING - Invalid credentials provided
2024-06-26 13:22:16,800 - WARNING - Bad Request: /login/
2024-06-26 13:22:17,954 - INFO - Login request received
2024-06-26 13:22:17,955 - INFO - Attempting to authenticate user: admin@admin.com
2024-06-26 13:22:17,958 - WARNING - Invalid credentials provided
2024-06-26 13:22:17,959 - WARNING - Bad Request: /login/
2024-06-26 13:22:21,380 - INFO - Login request received
2024-06-26 13:22:21,381 - INFO - Attempting to authenticate user: admin@admin.com
2024-06-26 13:22:21,386 - WARNING - Invalid credentials provided
2024-06-26 13:22:21,387 - WARNING - Bad Request: /login/
2024-06-26 13:22:23,079 - INFO - Login request received
2024-06-26 13:22:23,080 - INFO - Attempting to authenticate user: admin@admin.com
2024-06-26 13:22:23,085 - WARNING - Invalid credentials provided
2024-06-26 13:22:23,086 - WARNING - Bad Request: /login/
2024-06-26 13:22:23,511 - INFO - Login request received
2024-06-26 13:22:23,513 - INFO - Attempting to authenticate user: admin@admin.com
2024-06-26 13:22:23,518 - WARNING - Invalid credentials provided
2024-06-26 13:22:23,520 - WARNING - Bad Request: /login/
2024-06-26 13:22:23,871 - INFO - Login request received
2024-06-26 13:22:23,873 - INFO - Attempting to authenticate user: admin@admin.com
2024-06-26 13:22:23,877 - WARNING - Invalid credentials provided
2024-06-26 13:22:23,878 - WARNING - Bad Request: /login/
2024-06-26 13:22:24,203 - INFO - Login request received
2024-06-26 13:22:24,204 - INFO - Attempting to authenticate user: admin@admin.com
2024-06-26 13:22:24,208 - WARNING - Invalid credentials provided
2024-06-26 13:22:24,209 - WARNING - Bad Request: /login/
2024-06-26 13:22:24,371 - INFO - Login request received
2024-06-26 13:22:24,373 - INFO - Attempting to authenticate user: admin@admin.com
2024-06-26 13:22:24,377 - WARNING - Invalid credentials provided
2024-06-26 13:22:24,378 - WARNING - Bad Request: /login/
2024-06-26 13:22:24,594 - INFO - Login request received
2024-06-26 13:22:24,595 - INFO - Attempting to authenticate user: admin@admin.com
2024-06-26 13:22:24,599 - WARNING - Invalid credentials provided
2024-06-26 13:22:24,601 - WARNING - Bad Request: /login/
2024-06-26 13:22:37,102 - INFO - Login request received
2024-06-26 13:22:37,103 - INFO - Attempting to authenticate user: newUser@gmail.com
2024-06-26 13:22:37,928 - INFO - User authenticated successfully
2024-06-26 13:22:38,692 - INFO - Login request received
2024-06-26 13:22:38,693 - INFO - Attempting to authenticate user: newUser@gmail.com
2024-06-26 13:22:39,540 - INFO - User authenticated successfully
2024-06-26 14:48:40,015 - ERROR - Internal Server Error: /saved/62/
Traceback (most recent call last):
  File "C:\Users\conno\OneDrive\Desktop\personal files\coding-folders\personal-projects\PathFinder\backend\venv\Lib\site-packages\django\core\handlers\exception.py", line 55, in inner
    response = get_response(request)
               ^^^^^^^^^^^^^^^^^^^^^
  File "C:\Users\conno\OneDrive\Desktop\personal files\coding-folders\personal-projects\PathFinder\backend\venv\Lib\site-packages\django\core\handlers\base.py", line 197, in _get_response
    response = wrapped_callback(request, *callback_args, **callback_kwargs)
               ^^^^^^^^^^^^^^^^^^^^^^^^^^^^^^^^^^^^^^^^^^^^^^^^^^^^^^^^^^^^
  File "C:\Users\conno\OneDrive\Desktop\personal files\coding-folders\personal-projects\PathFinder\backend\venv\Lib\site-packages\django\views\decorators\csrf.py", line 65, in _view_wrapper
    return view_func(request, *args, **kwargs)
           ^^^^^^^^^^^^^^^^^^^^^^^^^^^^^^^^^^^
  File "C:\Users\conno\OneDrive\Desktop\personal files\coding-folders\personal-projects\PathFinder\backend\venv\Lib\site-packages\rest_framework\viewsets.py", line 124, in view
    return self.dispatch(request, *args, **kwargs)
           ^^^^^^^^^^^^^^^^^^^^^^^^^^^^^^^^^^^^^^^
  File "C:\Users\conno\OneDrive\Desktop\personal files\coding-folders\personal-projects\PathFinder\backend\venv\Lib\site-packages\rest_framework\views.py", line 509, in dispatch
    response = self.handle_exception(exc)
               ^^^^^^^^^^^^^^^^^^^^^^^^^^
  File "C:\Users\conno\OneDrive\Desktop\personal files\coding-folders\personal-projects\PathFinder\backend\venv\Lib\site-packages\rest_framework\views.py", line 469, in handle_exception
    self.raise_uncaught_exception(exc)
  File "C:\Users\conno\OneDrive\Desktop\personal files\coding-folders\personal-projects\PathFinder\backend\venv\Lib\site-packages\rest_framework\views.py", line 480, in raise_uncaught_exception
    raise exc
  File "C:\Users\conno\OneDrive\Desktop\personal files\coding-folders\personal-projects\PathFinder\backend\venv\Lib\site-packages\rest_framework\views.py", line 506, in dispatch
    response = handler(request, *args, **kwargs)
               ^^^^^^^^^^^^^^^^^^^^^^^^^^^^^^^^^
  File "C:\Users\conno\OneDrive\Desktop\personal files\coding-folders\personal-projects\PathFinder\backend\users\views.py", line 119, in retrieve
    saved = self.queryset.get(pk=pk)
            ^^^^^^^^^^^^^^^^^^^^^^^^
  File "C:\Users\conno\OneDrive\Desktop\personal files\coding-folders\personal-projects\PathFinder\backend\venv\Lib\site-packages\django\db\models\query.py", line 649, in get
    raise self.model.DoesNotExist(
users.models.SavedInfo.DoesNotExist: SavedInfo matching query does not exist.
2024-06-26 17:44:50,524 - ERROR - Internal Server Error: /saved/70/
Traceback (most recent call last):
  File "C:\Users\conno\OneDrive\Desktop\personal files\coding-folders\personal-projects\PathFinder\backend\venv\Lib\site-packages\django\core\handlers\exception.py", line 55, in inner
    response = get_response(request)
               ^^^^^^^^^^^^^^^^^^^^^
  File "C:\Users\conno\OneDrive\Desktop\personal files\coding-folders\personal-projects\PathFinder\backend\venv\Lib\site-packages\django\core\handlers\base.py", line 197, in _get_response
    response = wrapped_callback(request, *callback_args, **callback_kwargs)
               ^^^^^^^^^^^^^^^^^^^^^^^^^^^^^^^^^^^^^^^^^^^^^^^^^^^^^^^^^^^^
  File "C:\Users\conno\OneDrive\Desktop\personal files\coding-folders\personal-projects\PathFinder\backend\venv\Lib\site-packages\django\views\decorators\csrf.py", line 65, in _view_wrapper
    return view_func(request, *args, **kwargs)
           ^^^^^^^^^^^^^^^^^^^^^^^^^^^^^^^^^^^
  File "C:\Users\conno\OneDrive\Desktop\personal files\coding-folders\personal-projects\PathFinder\backend\venv\Lib\site-packages\rest_framework\viewsets.py", line 124, in view
    return self.dispatch(request, *args, **kwargs)
           ^^^^^^^^^^^^^^^^^^^^^^^^^^^^^^^^^^^^^^^
  File "C:\Users\conno\OneDrive\Desktop\personal files\coding-folders\personal-projects\PathFinder\backend\venv\Lib\site-packages\rest_framework\views.py", line 509, in dispatch
    response = self.handle_exception(exc)
               ^^^^^^^^^^^^^^^^^^^^^^^^^^
  File "C:\Users\conno\OneDrive\Desktop\personal files\coding-folders\personal-projects\PathFinder\backend\venv\Lib\site-packages\rest_framework\views.py", line 469, in handle_exception
    self.raise_uncaught_exception(exc)
  File "C:\Users\conno\OneDrive\Desktop\personal files\coding-folders\personal-projects\PathFinder\backend\venv\Lib\site-packages\rest_framework\views.py", line 480, in raise_uncaught_exception
    raise exc
  File "C:\Users\conno\OneDrive\Desktop\personal files\coding-folders\personal-projects\PathFinder\backend\venv\Lib\site-packages\rest_framework\views.py", line 506, in dispatch
    response = handler(request, *args, **kwargs)
               ^^^^^^^^^^^^^^^^^^^^^^^^^^^^^^^^^
  File "C:\Users\conno\OneDrive\Desktop\personal files\coding-folders\personal-projects\PathFinder\backend\users\views.py", line 119, in retrieve
    saved = self.queryset.get(pk=pk)
            ^^^^^^^^^^^^^^^^^^^^^^^^
  File "C:\Users\conno\OneDrive\Desktop\personal files\coding-folders\personal-projects\PathFinder\backend\venv\Lib\site-packages\django\db\models\query.py", line 649, in get
    raise self.model.DoesNotExist(
users.models.SavedInfo.DoesNotExist: SavedInfo matching query does not exist.
2024-06-26 17:57:59,298 - INFO - Login request received
2024-06-26 17:57:59,306 - INFO - Attempting to authenticate user: newUser@gmail.com
2024-06-26 17:58:00,585 - INFO - User authenticated successfully
2024-06-26 17:58:00,881 - INFO - Login request received
2024-06-26 17:58:00,881 - INFO - Attempting to authenticate user: newUser@gmail.com
2024-06-26 17:58:02,012 - INFO - User authenticated successfully
2024-06-26 17:58:02,923 - INFO - Login request received
2024-06-26 17:58:02,924 - INFO - Attempting to authenticate user: newUser@gmail.com
2024-06-26 17:58:04,989 - INFO - User authenticated successfully
2024-06-26 17:58:10,690 - INFO - Login request received
2024-06-26 17:58:10,692 - INFO - Attempting to authenticate user: newUser@gmail.com
2024-06-26 17:58:11,142 - INFO - Login request received
2024-06-26 17:58:11,144 - INFO - Attempting to authenticate user: newUser@gmail.com
2024-06-26 17:58:11,287 - INFO - Login request received
2024-06-26 17:58:11,287 - INFO - Attempting to authenticate user: newUser@gmail.com
2024-06-26 17:58:11,416 - INFO - Login request received
2024-06-26 17:58:11,416 - INFO - Attempting to authenticate user: newUser@gmail.com
2024-06-26 17:58:11,561 - INFO - Login request received
2024-06-26 17:58:11,563 - INFO - Attempting to authenticate user: newUser@gmail.com
2024-06-26 17:58:11,655 - INFO - User authenticated successfully
2024-06-26 17:58:12,461 - INFO - User authenticated successfully
2024-06-26 17:58:12,655 - INFO - User authenticated successfully
2024-06-26 17:58:12,655 - INFO - User authenticated successfully
2024-06-26 17:58:12,843 - INFO - User authenticated successfully
2024-06-27 11:19:56,927 - WARNING - Unauthorized: /saved/
2024-06-27 11:22:36,796 - INFO - Login request received
2024-06-27 11:22:36,804 - INFO - Attempting to authenticate user: newUser@gmail.com
2024-06-27 11:22:37,972 - INFO - User authenticated successfully
2024-06-27 11:22:38,706 - INFO - Login request received
2024-06-27 11:22:38,707 - INFO - Attempting to authenticate user: newUser@gmail.com
2024-06-27 11:22:39,956 - INFO - User authenticated successfully
2024-06-27 11:22:40,279 - INFO - Login request received
2024-06-27 11:22:40,282 - INFO - Attempting to authenticate user: newUser@gmail.com
2024-06-27 11:22:41,010 - INFO - Login request received
2024-06-27 11:22:41,010 - INFO - Attempting to authenticate user: newUser@gmail.com
2024-06-27 11:22:41,256 - INFO - Login request received
2024-06-27 11:22:41,355 - INFO - Attempting to authenticate user: newUser@gmail.com
2024-06-27 11:22:41,507 - INFO - Login request received
2024-06-27 11:22:41,515 - INFO - Attempting to authenticate user: newUser@gmail.com
2024-06-27 11:22:41,680 - INFO - Login request received
2024-06-27 11:22:41,828 - INFO - Attempting to authenticate user: newUser@gmail.com
2024-06-27 11:22:42,040 - INFO - Login request received
2024-06-27 11:22:42,065 - INFO - Attempting to authenticate user: newUser@gmail.com
2024-06-27 11:22:42,483 - INFO - Login request received
2024-06-27 11:22:42,495 - INFO - Attempting to authenticate user: newUser@gmail.com
2024-06-27 11:22:42,665 - INFO - User authenticated successfully
2024-06-27 11:22:42,895 - INFO - Login request received
2024-06-27 11:22:43,003 - INFO - Attempting to authenticate user: newUser@gmail.com
2024-06-27 11:22:43,005 - INFO - Login request received
2024-06-27 11:22:43,020 - INFO - Attempting to authenticate user: newUser@gmail.com
2024-06-27 11:22:43,284 - INFO - Login request received
2024-06-27 11:22:43,305 - INFO - Attempting to authenticate user: newUser@gmail.com
2024-06-27 11:22:47,066 - INFO - User authenticated successfully
2024-06-27 11:22:47,782 - INFO - User authenticated successfully
2024-06-27 11:22:47,891 - INFO - User authenticated successfully
2024-06-27 11:22:47,956 - INFO - User authenticated successfully
2024-06-27 11:22:48,086 - INFO - User authenticated successfully
2024-06-27 11:22:48,195 - INFO - User authenticated successfully
2024-06-27 11:22:48,219 - INFO - User authenticated successfully
2024-06-27 11:22:48,252 - INFO - User authenticated successfully
2024-06-27 11:22:48,292 - INFO - User authenticated successfully
2024-06-27 11:22:51,954 - INFO - Login request received
2024-06-27 11:22:51,960 - INFO - Attempting to authenticate user: newUser@gmail.com
2024-06-27 11:22:53,249 - INFO - User authenticated successfully
2024-06-27 11:24:01,687 - INFO - C:\Users\conno\OneDrive\Desktop\personal files\coding-folders\personal-projects\PathFinder\backend\users\views.py changed, reloading.
2024-06-27 11:24:06,433 - INFO - Login request received
2024-06-27 11:24:06,440 - INFO - Attempting to authenticate user: newUser@gmail.com
2024-06-27 11:24:07,674 - INFO - User authenticated successfully
2024-06-27 11:25:31,503 - INFO - C:\Users\conno\OneDrive\Desktop\personal files\coding-folders\personal-projects\PathFinder\backend\users\views.py changed, reloading.
2024-06-27 11:25:36,949 - INFO - Login request received
2024-06-27 11:25:36,949 - INFO - Attempting to authenticate user: newUser@gmail.com
2024-06-27 11:25:37,926 - INFO - User authenticated successfully
2024-06-27 11:25:43,641 - INFO - Login request received
2024-06-27 11:25:43,643 - INFO - Attempting to authenticate user: newUser@gmail.com
2024-06-27 11:25:44,613 - INFO - Login request received
2024-06-27 11:25:44,616 - INFO - Attempting to authenticate user: newUser@gmail.com
2024-06-27 11:25:45,073 - INFO - User authenticated successfully
2024-06-27 11:25:45,566 - INFO - Login request received
2024-06-27 11:25:45,574 - INFO - Attempting to authenticate user: newUser@gmail.com
2024-06-27 11:25:46,340 - INFO - Login request received
2024-06-27 11:25:46,346 - INFO - Attempting to authenticate user: newUser@gmail.com
2024-06-27 11:25:46,605 - INFO - Login request received
2024-06-27 11:25:46,605 - INFO - Attempting to authenticate user: newUser@gmail.com
2024-06-27 11:25:46,697 - INFO - User authenticated successfully
2024-06-27 11:25:46,924 - INFO - Login request received
2024-06-27 11:25:46,924 - INFO - Attempting to authenticate user: newUser@gmail.com
2024-06-27 11:25:47,055 - INFO - User authenticated successfully
2024-06-27 11:25:47,095 - INFO - Login request received
2024-06-27 11:25:47,103 - INFO - Attempting to authenticate user: newUser@gmail.com
2024-06-27 11:25:47,231 - INFO - Login request received
2024-06-27 11:25:47,231 - INFO - Attempting to authenticate user: newUser@gmail.com
2024-06-27 11:25:47,386 - INFO - Login request received
2024-06-27 11:25:47,386 - INFO - Attempting to authenticate user: newUser@gmail.com
2024-06-27 11:25:47,531 - INFO - Login request received
2024-06-27 11:25:47,538 - INFO - Attempting to authenticate user: newUser@gmail.com
2024-06-27 11:25:47,712 - INFO - User authenticated successfully
2024-06-27 11:25:48,004 - INFO - User authenticated successfully
2024-06-27 11:25:48,307 - INFO - User authenticated successfully
2024-06-27 11:25:48,438 - INFO - User authenticated successfully
2024-06-27 11:25:48,543 - INFO - User authenticated successfully
2024-06-27 11:25:48,551 - INFO - User authenticated successfully
2024-06-27 11:25:48,665 - INFO - User authenticated successfully
2024-06-27 11:25:49,411 - INFO - Login request received
2024-06-27 11:25:49,411 - INFO - Attempting to authenticate user: newUser@gmail.com
2024-06-27 11:25:50,371 - INFO - User authenticated successfully
2024-06-27 21:31:14,266 - WARNING - Unauthorized: /saved/
2024-06-27 21:35:32,416 - INFO - Login request received
2024-06-27 21:35:32,440 - INFO - Attempting to authenticate user: newUser@gmail.com
2024-06-27 21:35:33,139 - INFO - User authenticated successfully
2024-06-27 21:43:45,244 - INFO - Login request received
2024-06-27 21:43:45,244 - INFO - Attempting to authenticate user: newUser@gmail.com
2024-06-27 21:43:45,821 - INFO - User authenticated successfully
2024-06-28 17:51:28,186 - WARNING - Unauthorized: /saved/
2024-06-28 17:51:39,324 - INFO - Login request received
2024-06-28 17:51:39,331 - INFO - Attempting to authenticate user: newUser@gmail.com
2024-06-28 17:51:40,469 - INFO - User authenticated successfully
2024-06-28 17:51:40,954 - INFO - Login request received
2024-06-28 17:51:40,961 - INFO - Attempting to authenticate user: newUser@gmail.com
2024-06-28 17:51:41,924 - INFO - User authenticated successfully
2024-07-02 14:50:29,471 - WARNING - Unauthorized: /saved/
2024-07-02 14:50:41,574 - INFO - Login request received
2024-07-02 14:50:41,581 - INFO - Attempting to authenticate user: newUser@gmail.com
2024-07-02 14:50:43,120 - INFO - User authenticated successfully
2024-07-02 14:50:44,488 - INFO - Login request received
2024-07-02 14:50:44,491 - INFO - Attempting to authenticate user: newUser@gmail.com
2024-07-02 14:50:45,595 - INFO - User authenticated successfully
2024-07-02 14:50:46,005 - INFO - Login request received
2024-07-02 14:50:46,005 - INFO - Attempting to authenticate user: newUser@gmail.com
2024-07-02 14:50:46,982 - INFO - Login request received
2024-07-02 14:50:46,983 - INFO - Attempting to authenticate user: newUser@gmail.com
2024-07-02 14:50:47,076 - INFO - User authenticated successfully
2024-07-02 14:50:48,051 - INFO - User authenticated successfully
2024-07-02 14:50:48,251 - INFO - Login request received
2024-07-02 14:50:48,252 - INFO - Attempting to authenticate user: newUser@gmail.com
2024-07-02 14:50:49,191 - INFO - Login request received
2024-07-02 14:50:49,192 - INFO - Attempting to authenticate user: newUser@gmail.com
2024-07-02 14:50:50,127 - INFO - Login request received
2024-07-02 14:50:50,225 - INFO - Attempting to authenticate user: newUser@gmail.com
2024-07-02 14:50:50,465 - INFO - User authenticated successfully
2024-07-02 14:50:50,803 - INFO - Login request received
2024-07-02 14:50:50,815 - INFO - Attempting to authenticate user: newUser@gmail.com
2024-07-02 14:50:51,048 - INFO - Login request received
2024-07-02 14:50:51,193 - INFO - Attempting to authenticate user: newUser@gmail.com
2024-07-02 14:50:51,512 - INFO - Login request received
2024-07-02 14:50:51,517 - INFO - Attempting to authenticate user: newUser@gmail.com
2024-07-02 14:50:51,653 - INFO - Login request received
2024-07-02 14:50:51,664 - INFO - Attempting to authenticate user: newUser@gmail.com
2024-07-02 14:50:51,811 - INFO - Login request received
2024-07-02 14:50:51,833 - INFO - Attempting to authenticate user: newUser@gmail.com
2024-07-02 14:50:52,274 - INFO - Login request received
2024-07-02 14:50:52,286 - INFO - Attempting to authenticate user: newUser@gmail.com
2024-07-02 14:50:52,399 - INFO - Login request received
2024-07-02 14:50:52,438 - INFO - Attempting to authenticate user: newUser@gmail.com
2024-07-02 14:50:53,039 - INFO - Login request received
2024-07-02 14:50:53,510 - INFO - Attempting to authenticate user: newUser@gmail.com
2024-07-02 14:50:56,152 - INFO - User authenticated successfully
2024-07-02 14:50:58,275 - INFO - User authenticated successfully
2024-07-02 14:50:58,330 - INFO - User authenticated successfully
2024-07-02 14:50:58,588 - INFO - User authenticated successfully
2024-07-02 14:50:58,612 - INFO - User authenticated successfully
2024-07-02 14:50:58,647 - INFO - User authenticated successfully
2024-07-02 14:50:58,721 - INFO - User authenticated successfully
2024-07-02 14:50:58,738 - INFO - User authenticated successfully
2024-07-02 14:50:58,764 - INFO - User authenticated successfully
2024-07-02 14:50:58,793 - INFO - User authenticated successfully
2024-07-02 14:51:03,971 - INFO - Login request received
2024-07-02 14:51:03,978 - INFO - Attempting to authenticate user: newUser@gmail.com
2024-07-02 14:51:04,613 - INFO - User authenticated successfully
2024-07-02 15:25:44,151 - INFO - Login request received
2024-07-02 15:25:44,176 - INFO - Attempting to authenticate user: newUser@gmail.com
2024-07-02 15:25:45,257 - INFO - User authenticated successfully
2024-07-02 15:25:45,910 - INFO - Login request received
2024-07-02 15:25:45,931 - INFO - Attempting to authenticate user: newUser@gmail.com
2024-07-02 15:25:47,022 - INFO - User authenticated successfully
2024-07-02 15:25:49,140 - INFO - Login request received
2024-07-02 15:25:49,149 - INFO - Attempting to authenticate user: newUser@gmail.com
2024-07-02 15:25:49,730 - INFO - Login request received
2024-07-02 15:25:49,747 - INFO - Attempting to authenticate user: newUser@gmail.com
2024-07-02 15:25:50,429 - INFO - User authenticated successfully
2024-07-02 15:25:50,553 - INFO - Login request received
2024-07-02 15:25:50,568 - INFO - Attempting to authenticate user: newUser@gmail.com
2024-07-02 15:25:50,945 - INFO - User authenticated successfully
2024-07-02 15:25:51,102 - INFO - Login request received
2024-07-02 15:25:51,116 - INFO - Attempting to authenticate user: newUser@gmail.com
2024-07-02 15:25:51,576 - INFO - Login request received
2024-07-02 15:25:51,585 - INFO - Attempting to authenticate user: newUser@gmail.com
2024-07-02 15:25:51,891 - INFO - Login request received
2024-07-02 15:25:51,910 - INFO - Attempting to authenticate user: newUser@gmail.com
2024-07-02 15:25:52,040 - INFO - User authenticated successfully
2024-07-02 15:25:52,109 - INFO - Login request received
2024-07-02 15:25:52,118 - INFO - Attempting to authenticate user: newUser@gmail.com
2024-07-02 15:25:52,301 - INFO - Login request received
2024-07-02 15:25:52,317 - INFO - Attempting to authenticate user: newUser@gmail.com
2024-07-02 15:25:52,642 - INFO - User authenticated successfully
2024-07-02 15:25:53,120 - INFO - User authenticated successfully
2024-07-02 15:25:53,386 - INFO - User authenticated successfully
2024-07-02 15:25:53,526 - INFO - User authenticated successfully
2024-07-02 15:25:53,851 - INFO - User authenticated successfully
2024-07-02 15:25:57,205 - INFO - Login request received
2024-07-02 15:25:57,223 - INFO - Attempting to authenticate user: newUser@gmail.com
2024-07-02 15:25:58,299 - INFO - User authenticated successfully
2024-07-02 15:26:00,631 - INFO - Login request received
2024-07-02 15:26:00,645 - INFO - Attempting to authenticate user: newUser@gmail.com
2024-07-02 15:26:01,095 - INFO - Login request received
2024-07-02 15:26:01,118 - INFO - Attempting to authenticate user: newUser@gmail.com
2024-07-02 15:26:01,972 - INFO - User authenticated successfully
2024-07-02 15:26:02,564 - INFO - User authenticated successfully
2024-07-02 15:26:05,342 - INFO - Login request received
2024-07-02 15:26:05,363 - INFO - Attempting to authenticate user: newUser@gmail.com
2024-07-02 15:26:06,390 - INFO - User authenticated successfully
2024-07-02 15:26:06,599 - INFO - Login request received
2024-07-02 15:26:06,624 - INFO - Attempting to authenticate user: newUser@gmail.com
2024-07-02 15:26:07,435 - INFO - Login request received
2024-07-02 15:26:07,442 - INFO - Attempting to authenticate user: newUser@gmail.com
2024-07-02 15:26:07,854 - INFO - User authenticated successfully
2024-07-02 15:26:07,922 - INFO - Login request received
2024-07-02 15:26:07,936 - INFO - Attempting to authenticate user: newUser@gmail.com
2024-07-02 15:26:08,344 - INFO - Login request received
2024-07-02 15:26:08,364 - INFO - Attempting to authenticate user: newUser@gmail.com
2024-07-02 15:26:08,619 - INFO - Login request received
2024-07-02 15:26:08,632 - INFO - Attempting to authenticate user: newUser@gmail.com
2024-07-02 15:26:08,862 - INFO - User authenticated successfully
2024-07-02 15:26:08,924 - INFO - Login request received
2024-07-02 15:26:08,933 - INFO - Attempting to authenticate user: newUser@gmail.com
2024-07-02 15:26:09,306 - INFO - Login request received
2024-07-02 15:26:09,329 - INFO - Attempting to authenticate user: newUser@gmail.com
2024-07-02 15:26:09,435 - INFO - User authenticated successfully
2024-07-02 15:26:09,768 - INFO - User authenticated successfully
2024-07-02 15:26:10,146 - INFO - User authenticated successfully
2024-07-02 15:26:10,397 - INFO - User authenticated successfully
2024-07-02 15:26:10,681 - INFO - User authenticated successfully
2024-07-02 15:26:10,923 - INFO - Login request received
2024-07-02 15:26:10,942 - INFO - Attempting to authenticate user: newUser@gmail.com
2024-07-02 15:26:12,030 - INFO - User authenticated successfully
2024-07-02 15:26:20,319 - INFO - Login request received
2024-07-02 15:26:20,325 - INFO - Attempting to authenticate user: newUser@gmail.com
2024-07-02 15:26:20,748 - INFO - Login request received
2024-07-02 15:26:20,755 - INFO - Attempting to authenticate user: newUser@gmail.com
2024-07-02 15:26:21,944 - INFO - User authenticated successfully
2024-07-02 15:26:22,447 - INFO - User authenticated successfully
2024-07-02 15:26:29,110 - INFO - Login request received
2024-07-02 15:26:29,133 - INFO - Attempting to authenticate user: newUser@gmail.com
2024-07-02 15:26:29,686 - INFO - Login request received
2024-07-02 15:26:29,696 - INFO - Attempting to authenticate user: newUser@gmail.com
2024-07-02 15:26:29,733 - INFO - User authenticated successfully
2024-07-02 15:26:31,013 - INFO - User authenticated successfully
2024-07-03 18:31:00,195 - WARNING - Unauthorized: /saved/
2024-07-03 18:33:48,914 - INFO - Login request received
2024-07-03 18:33:48,925 - INFO - Attempting to authenticate user: chelseak0620@gmail.com
2024-07-03 18:33:50,380 - INFO - User authenticated successfully
2024-07-03 18:33:51,257 - INFO - Login request received
2024-07-03 18:33:51,268 - INFO - Attempting to authenticate user: chelseak0620@gmail.com
2024-07-03 18:33:52,315 - INFO - User authenticated successfully
2024-07-03 18:34:13,843 - INFO - Login request received
2024-07-03 18:34:13,845 - INFO - Attempting to authenticate user: chelseak0620@gmail.com
2024-07-03 18:34:14,785 - INFO - Login request received
2024-07-03 18:34:14,785 - INFO - Attempting to authenticate user: chelseak0620@gmail.com
2024-07-03 18:34:14,853 - INFO - User authenticated successfully
2024-07-03 18:34:15,193 - INFO - Login request received
2024-07-03 18:34:15,196 - INFO - Attempting to authenticate user: chelseak0620@gmail.com
2024-07-03 18:34:15,597 - INFO - Login request received
2024-07-03 18:34:15,603 - INFO - Attempting to authenticate user: chelseak0620@gmail.com
2024-07-03 18:34:15,935 - INFO - Login request received
2024-07-03 18:34:15,935 - INFO - Attempting to authenticate user: chelseak0620@gmail.com
2024-07-03 18:34:16,179 - INFO - Login request received
2024-07-03 18:34:16,180 - INFO - Attempting to authenticate user: chelseak0620@gmail.com
2024-07-03 18:34:16,369 - INFO - Login request received
2024-07-03 18:34:16,369 - INFO - Attempting to authenticate user: chelseak0620@gmail.com
2024-07-03 18:34:16,587 - INFO - Login request received
2024-07-03 18:34:16,591 - INFO - Attempting to authenticate user: chelseak0620@gmail.com
2024-07-03 18:34:16,782 - INFO - Login request received
2024-07-03 18:34:16,788 - INFO - Attempting to authenticate user: chelseak0620@gmail.com
2024-07-03 18:34:16,788 - INFO - User authenticated successfully
2024-07-03 18:34:16,956 - INFO - Login request received
2024-07-03 18:34:16,977 - INFO - Attempting to authenticate user: chelseak0620@gmail.com
2024-07-03 18:34:17,219 - INFO - Login request received
2024-07-03 18:34:17,355 - INFO - Attempting to authenticate user: chelseak0620@gmail.com
2024-07-03 18:34:17,369 - INFO - Login request received
2024-07-03 18:34:17,375 - INFO - Attempting to authenticate user: chelseak0620@gmail.com
2024-07-03 18:34:17,797 - INFO - Login request received
2024-07-03 18:34:17,814 - INFO - Attempting to authenticate user: chelseak0620@gmail.com
2024-07-03 18:34:18,037 - INFO - Login request received
2024-07-03 18:34:18,121 - INFO - Attempting to authenticate user: chelseak0620@gmail.com
2024-07-03 18:34:18,240 - INFO - Login request received
2024-07-03 18:34:18,240 - INFO - Attempting to authenticate user: chelseak0620@gmail.com
2024-07-03 18:34:21,679 - INFO - User authenticated successfully
2024-07-03 18:34:23,690 - INFO - User authenticated successfully
2024-07-03 18:34:24,179 - INFO - User authenticated successfully
2024-07-03 18:34:24,459 - INFO - User authenticated successfully
2024-07-03 18:34:24,598 - INFO - User authenticated successfully
2024-07-03 18:34:24,624 - INFO - User authenticated successfully
2024-07-03 18:34:24,652 - INFO - User authenticated successfully
2024-07-03 18:34:24,759 - INFO - User authenticated successfully
2024-07-03 18:34:24,883 - INFO - User authenticated successfully
2024-07-03 18:34:24,899 - INFO - User authenticated successfully
2024-07-03 18:34:24,920 - INFO - User authenticated successfully
2024-07-03 18:34:24,969 - INFO - User authenticated successfully
2024-07-03 18:34:24,986 - INFO - User authenticated successfully
2024-07-03 18:34:32,911 - INFO - Login request received
2024-07-03 18:34:32,916 - INFO - Attempting to authenticate user: chelseak0620@gmail.com
2024-07-03 18:34:33,297 - INFO - Login request received
2024-07-03 18:34:33,298 - INFO - Attempting to authenticate user: chelseak0620@gmail.com
2024-07-03 18:34:33,527 - INFO - Login request received
2024-07-03 18:34:33,527 - INFO - Attempting to authenticate user: chelseak0620@gmail.com
2024-07-03 18:34:33,813 - INFO - Login request received
2024-07-03 18:34:33,813 - INFO - Attempting to authenticate user: chelseak0620@gmail.com
2024-07-03 18:34:33,890 - INFO - User authenticated successfully
2024-07-03 18:34:33,950 - INFO - Login request received
2024-07-03 18:34:33,950 - INFO - Attempting to authenticate user: chelseak0620@gmail.com
2024-07-03 18:34:34,325 - INFO - Login request received
2024-07-03 18:34:34,325 - INFO - Attempting to authenticate user: chelseak0620@gmail.com
2024-07-03 18:34:34,499 - INFO - User authenticated successfully
2024-07-03 18:34:34,599 - INFO - Login request received
2024-07-03 18:34:34,601 - INFO - Attempting to authenticate user: chelseak0620@gmail.com
2024-07-03 18:34:34,804 - INFO - User authenticated successfully
2024-07-03 18:34:35,003 - INFO - Login request received
2024-07-03 18:34:35,003 - INFO - Attempting to authenticate user: chelseak0620@gmail.com
2024-07-03 18:34:35,003 - INFO - User authenticated successfully
2024-07-03 18:34:35,170 - INFO - User authenticated successfully
2024-07-03 18:34:35,254 - INFO - Login request received
2024-07-03 18:34:35,254 - INFO - Attempting to authenticate user: chelseak0620@gmail.com
2024-07-03 18:34:35,422 - INFO - Login request received
2024-07-03 18:34:35,422 - INFO - Attempting to authenticate user: chelseak0620@gmail.com
2024-07-03 18:34:35,620 - INFO - User authenticated successfully
2024-07-03 18:34:35,837 - INFO - User authenticated successfully
2024-07-03 18:34:36,067 - INFO - Login request received
2024-07-03 18:34:36,067 - INFO - Attempting to authenticate user: chelseak0620@gmail.com
2024-07-03 18:34:36,255 - INFO - User authenticated successfully
2024-07-03 18:34:36,287 - INFO - Login request received
2024-07-03 18:34:36,287 - INFO - Attempting to authenticate user: chelseak0620@gmail.com
2024-07-03 18:34:36,440 - INFO - User authenticated successfully
2024-07-03 18:34:36,729 - INFO - User authenticated successfully
2024-07-03 18:34:37,364 - INFO - User authenticated successfully
2024-07-03 18:34:37,613 - INFO - User authenticated successfully
2024-07-03 18:34:41,708 - INFO - Login request received
2024-07-03 18:34:41,708 - INFO - Attempting to authenticate user: chelseak0620@gmail.com
2024-07-03 18:34:42,737 - INFO - User authenticated successfully
2024-07-03 18:34:44,977 - INFO - Login request received
2024-07-03 18:34:44,978 - INFO - Attempting to authenticate user: chelseak0620@gmail.com
2024-07-03 18:34:46,032 - INFO - User authenticated successfully
2024-07-03 18:34:48,063 - INFO - Login request received
2024-07-03 18:34:48,065 - INFO - Attempting to authenticate user: chelseak0620@gmail.com
2024-07-03 18:34:49,079 - INFO - User authenticated successfully
2024-07-03 18:35:17,941 - INFO - Login request received
2024-07-03 18:35:17,941 - INFO - Attempting to authenticate user: chelseak0620@gmail.com
2024-07-03 18:35:18,658 - INFO - Login request received
2024-07-03 18:35:18,658 - INFO - Attempting to authenticate user: chelseak0620@gmail.com
2024-07-03 18:35:19,055 - INFO - User authenticated successfully
2024-07-03 18:35:19,856 - INFO - User authenticated successfully
2024-07-03 18:35:20,255 - INFO - Login request received
2024-07-03 18:35:20,257 - INFO - Attempting to authenticate user: chelseak0620@gmail.com
2024-07-03 18:35:20,465 - INFO - Login request received
2024-07-03 18:35:20,465 - INFO - Attempting to authenticate user: chelseak0620@gmail.com
2024-07-03 18:35:20,745 - INFO - Login request received
2024-07-03 18:35:20,856 - INFO - Attempting to authenticate user: chelseak0620@gmail.com
2024-07-03 18:35:21,066 - INFO - Login request received
2024-07-03 18:35:21,068 - INFO - Attempting to authenticate user: chelseak0620@gmail.com
2024-07-03 18:35:21,327 - INFO - Login request received
2024-07-03 18:35:21,327 - INFO - Attempting to authenticate user: chelseak0620@gmail.com
2024-07-03 18:35:21,740 - INFO - Login request received
2024-07-03 18:35:21,740 - INFO - Attempting to authenticate user: chelseak0620@gmail.com
2024-07-03 18:35:21,890 - INFO - Login request received
2024-07-03 18:35:22,018 - INFO - Attempting to authenticate user: chelseak0620@gmail.com
2024-07-03 18:35:22,024 - INFO - Login request received
2024-07-03 18:35:22,096 - INFO - Attempting to authenticate user: chelseak0620@gmail.com
2024-07-03 18:35:22,242 - INFO - Login request received
2024-07-03 18:35:22,357 - INFO - Attempting to authenticate user: chelseak0620@gmail.com
2024-07-03 18:35:22,566 - INFO - Login request received
2024-07-03 18:35:22,575 - INFO - Attempting to authenticate user: chelseak0620@gmail.com
2024-07-03 18:35:22,857 - INFO - Login request received
2024-07-03 18:35:23,020 - INFO - Attempting to authenticate user: chelseak0620@gmail.com
2024-07-03 18:35:23,313 - INFO - Login request received
2024-07-03 18:35:23,760 - INFO - Login request received
2024-07-03 18:35:23,925 - INFO - Attempting to authenticate user: chelseak0620@gmail.com
2024-07-03 18:35:23,925 - INFO - Login request received
2024-07-03 18:35:23,992 - INFO - Attempting to authenticate user: chelseak0620@gmail.com
2024-07-03 18:35:24,080 - INFO - Login request received
2024-07-03 18:35:24,109 - INFO - Attempting to authenticate user: chelseak0620@gmail.com
2024-07-03 18:35:24,277 - INFO - Attempting to authenticate user: chelseak0620@gmail.com
2024-07-03 18:35:26,445 - INFO - Login request received
2024-07-03 18:35:26,460 - INFO - Attempting to authenticate user: chelseak0620@gmail.com
2024-07-03 18:35:27,306 - INFO - Login request received
2024-07-03 18:35:27,311 - INFO - Attempting to authenticate user: chelseak0620@gmail.com
2024-07-03 18:35:29,813 - INFO - User authenticated successfully
2024-07-03 18:35:30,103 - INFO - Login request received
2024-07-03 18:35:30,135 - INFO - Attempting to authenticate user: chelseak0620@gmail.com
2024-07-03 18:35:30,905 - INFO - User authenticated successfully
2024-07-03 18:35:31,217 - INFO - Login request received
2024-07-03 18:35:31,217 - INFO - Attempting to authenticate user: chelseak0620@gmail.com
2024-07-03 18:35:33,632 - INFO - User authenticated successfully
2024-07-03 18:35:34,482 - INFO - User authenticated successfully
2024-07-03 18:35:36,024 - INFO - User authenticated successfully
2024-07-03 18:35:36,810 - INFO - User authenticated successfully
2024-07-03 18:35:37,278 - INFO - User authenticated successfully
2024-07-03 18:35:37,903 - INFO - User authenticated successfully
2024-07-03 18:35:37,928 - INFO - User authenticated successfully
2024-07-03 18:35:38,002 - INFO - User authenticated successfully
2024-07-03 18:35:38,128 - INFO - User authenticated successfully
2024-07-03 18:35:38,167 - INFO - User authenticated successfully
2024-07-03 18:35:38,174 - INFO - User authenticated successfully
2024-07-03 18:35:38,254 - INFO - User authenticated successfully
2024-07-03 18:35:38,279 - INFO - User authenticated successfully
2024-07-03 18:35:38,357 - INFO - User authenticated successfully
2024-07-03 18:35:38,403 - INFO - User authenticated successfully
2024-07-03 18:35:38,504 - INFO - User authenticated successfully
2024-07-03 18:35:38,538 - INFO - User authenticated successfully
2024-07-03 18:35:42,360 - INFO - Login request received
2024-07-03 18:35:42,360 - INFO - Attempting to authenticate user: chelseak0620@gmail.com
2024-07-03 18:35:43,041 - INFO - User authenticated successfully
2024-07-10 13:40:47,298 - INFO - Login request received
2024-07-10 13:40:47,309 - INFO - Attempting to authenticate user: newUser@gmail.com
2024-07-10 13:40:48,800 - INFO - User authenticated successfully
2024-07-10 13:40:51,399 - INFO - Login request received
2024-07-10 13:40:51,399 - INFO - Attempting to authenticate user: newUser@gmail.com
2024-07-10 13:40:53,356 - INFO - User authenticated successfully
2024-07-10 13:40:56,597 - INFO - Login request received
2024-07-10 13:40:56,601 - INFO - Attempting to authenticate user: newUser@gmail.com
2024-07-10 13:40:57,722 - INFO - User authenticated successfully
2024-07-10 13:40:58,763 - INFO - Login request received
2024-07-10 13:40:58,767 - INFO - Attempting to authenticate user: newUser@gmail.com
2024-07-10 13:40:59,850 - INFO - User authenticated successfully
2024-07-10 13:41:03,060 - INFO - Login request received
2024-07-10 13:41:03,069 - INFO - Attempting to authenticate user: newUser@gmail.com
2024-07-10 13:41:03,626 - INFO - Login request received
2024-07-10 13:41:03,627 - INFO - Attempting to authenticate user: newUser@gmail.com
2024-07-10 13:41:04,874 - INFO - User authenticated successfully
2024-07-10 13:41:05,381 - INFO - User authenticated successfully
2024-07-10 13:41:06,877 - INFO - Login request received
2024-07-10 13:41:06,877 - INFO - Attempting to authenticate user: newUser@gmail.com
2024-07-10 13:41:07,638 - INFO - User authenticated successfully
